<?xml version="1.0" encoding="UTF-8"?>
<testng-results ignored="0" total="1" passed="1" failed="0" skipped="0">
  <reporter-output>
  </reporter-output>
  <suite started-at="2022-10-04T13:57:57Z" name="APISuite" finished-at="2022-10-04T13:58:02Z" duration-ms="5262">
    <groups>
    </groups>
    <test started-at="2022-10-04T13:57:57Z" name="Test" finished-at="2022-10-04T13:58:02Z" duration-ms="5262">
      <class name="apiChaining.EndToEndTest">
        <test-method signature="test1()[pri:0, instance:apiChaining.EndToEndTest@5ab956d7]" started-at="2022-10-04T13:57:57Z" name="test1" finished-at="2022-10-04T13:58:02Z" duration-ms="5233" status="PASS">
          <reporter-output>
          </reporter-output>
        </test-method> <!-- test1 -->
      </class> <!-- apiChaining.EndToEndTest -->
    </test> <!-- Test -->
  </suite> <!-- APISuite -->
</testng-results>
