<?xml version="1.0" encoding="UTF-8"?>
<testng-results ignored="1" total="2" passed="1" failed="0" skipped="0">
  <reporter-output>
  </reporter-output>
  <suite started-at="2022-10-23T10:20:46Z" name="Default suite" finished-at="2022-10-23T10:20:51Z" duration-ms="4444">
    <groups>
    </groups>
    <test started-at="2022-10-23T10:20:46Z" name="Default test" finished-at="2022-10-23T10:20:51Z" duration-ms="4444">
      <class name="restApIXmL.XMLTest">
        <test-method signature="test2()[pri:0, instance:restApIXmL.XMLTest@4be29ed9]" started-at="2022-10-23T10:20:46Z" name="test2" finished-at="2022-10-23T10:20:51Z" duration-ms="4399" status="PASS">
          <reporter-output>
          </reporter-output>
        </test-method> <!-- test2 -->
      </class> <!-- restApIXmL.XMLTest -->
    </test> <!-- Default test -->
  </suite> <!-- Default suite -->
</testng-results>
